{"name": "test_review", "status": "broken", "statusDetails": {"message": "selenium.common.exceptions.TimeoutException: Message: \nStacktrace:\nBacktrace:\n\tGetHandleVerifier [0x00712B63+47795]\n\t(No symbol) [0x006A67E1]\n\t(No symbol) [0x005AC7ED]\n\t(No symbol) [0x005D9AC8]\n\t(No symbol) [0x005D9B8B]\n\t(No symbol) [0x00608A82]\n\t(No symbol) [0x005F4D14]\n\t(No symbol) [0x006071DA]\n\t(No symbol) [0x005F4AC6]\n\t(No symbol) [0x005D13D7]\n\t(No symbol) [0x005D255D]\n\tGetHandleVerifier [0x00966F89+2490073]\n\tGetHandleVerifier [0x009AC361+2773681]\n\tGetHandleVerifier [0x009A6211+2748769]\n\tGetHandleVerifier [0x007916B0+566784]\n\t(No symbol) [0x006B019A]\n\t(No symbol) [0x006AC418]\n\t(No symbol) [0x006AC4FB]\n\t(No symbol) [0x0069F317]\n\tBaseThreadInitThunk [0x76417D59+25]\n\tRtlInitializeExceptionChain [0x7755B79B+107]\n\tRtlClearBits [0x7755B71F+191]", "trace": "self = <scripts.test04_admin_review.TestAdminReview object at 0x000001F78EC43F98>, name = 'test_tyc002'\n\n    def test_review(self, name=scripts.publish_name):\n        # 调用发布文章业务方法\n>       self.review.page_review(name)\n\nscripts\\test04_admin_review.py:25: \n_ _ _ _ _ _ _ _ _ _ _ _ _ _ _ _ _ _ _ _ _ _ _ _ _ _ _ _ _ _ _ _ _ _ _ _ _ _ _ _ _ _ _ _ _ _ _ _ _ _ _ _ _ _ _ _ _ _ _ _ _ _ _ _ _ _ _ _ _ _ _ _ _ _ _ _ _ _ _ _ _ _ _ _ _ _ _ _ _ _ _ _ _ _ _ _ _ _ _ _ _ _ _ _ \npage\\page_admin_review.py:46: in page_review\n    self.page_review_goods()\npage\\page_admin_review.py:23: in page_review_goods\n    if self.base_get_text(page.pass_btn) == \"通过\":\nbase\\base.py:96: in base_get_text\n    return self.base_find(loc).text\nbase\\base.py:24: in base_find\n    poll_frequency=poll).until(lambda x: x.find_element(*loc)))\n_ _ _ _ _ _ _ _ _ _ _ _ _ _ _ _ _ _ _ _ _ _ _ _ _ _ _ _ _ _ _ _ _ _ _ _ _ _ _ _ _ _ _ _ _ _ _ _ _ _ _ _ _ _ _ _ _ _ _ _ _ _ _ _ _ _ _ _ _ _ _ _ _ _ _ _ _ _ _ _ _ _ _ _ _ _ _ _ _ _ _ _ _ _ _ _ _ _ _ _ _ _ _ _ \n\nself = <selenium.webdriver.support.wait.WebDriverWait (session=\"e8ac6c45888a4328a0e75f60f791021f\")>, method = <function Base.base_find.<locals>.<lambda> at 0x000001F78EC99D90>, message = ''\n\n    def until(self, method, message: str = \"\"):\n        \"\"\"Calls the method provided with the driver as an argument until the \\\n        return value does not evaluate to ``False``.\n    \n        :param method: callable(WebDriver)\n        :param message: optional message for :exc:`TimeoutException`\n        :returns: the result of the last call to `method`\n        :raises: :exc:`selenium.common.exceptions.TimeoutException` if timeout occurs\n        \"\"\"\n        screen = None\n        stacktrace = None\n    \n        end_time = time.monotonic() + self._timeout\n        while True:\n            try:\n                value = method(self._driver)\n                if value:\n                    return value\n            except self._ignored_exceptions as exc:\n                screen = getattr(exc, \"screen\", None)\n                stacktrace = getattr(exc, \"stacktrace\", None)\n            time.sleep(self._poll)\n            if time.monotonic() > end_time:\n                break\n>       raise TimeoutException(message, screen, stacktrace)\nE       selenium.common.exceptions.TimeoutException: Message: \nE       Stacktrace:\nE       Backtrace:\nE       \tGetHandleVerifier [0x00712B63+47795]\nE       \t(No symbol) [0x006A67E1]\nE       \t(No symbol) [0x005AC7ED]\nE       \t(No symbol) [0x005D9AC8]\nE       \t(No symbol) [0x005D9B8B]\nE       \t(No symbol) [0x00608A82]\nE       \t(No symbol) [0x005F4D14]\nE       \t(No symbol) [0x006071DA]\nE       \t(No symbol) [0x005F4AC6]\nE       \t(No symbol) [0x005D13D7]\nE       \t(No symbol) [0x005D255D]\nE       \tGetHandleVerifier [0x00966F89+2490073]\nE       \tGetHandleVerifier [0x009AC361+2773681]\nE       \tGetHandleVerifier [0x009A6211+2748769]\nE       \tGetHandleVerifier [0x007916B0+566784]\nE       \t(No symbol) [0x006B019A]\nE       \t(No symbol) [0x006AC418]\nE       \t(No symbol) [0x006AC4FB]\nE       \t(No symbol) [0x0069F317]\nE       \tBaseThreadInitThunk [0x76417D59+25]\nE       \tRtlInitializeExceptionChain [0x7755B79B+107]\nE       \tRtlClearBits [0x7755B71F+191]\n\nC:\\Anaconda\\lib\\site-packages\\selenium\\webdriver\\support\\wait.py:95: TimeoutException"}, "start": 1692091701088, "stop": 1692091737779, "uuid": "3387141b-edbe-490b-8a8c-e727edc22c46", "historyId": "6a4d4f330efcdc00ce5483c394fd0a97", "testCaseId": "6a4d4f330efcdc00ce5483c394fd0a97", "fullName": "scripts.test04_admin_review.TestAdminReview#test_review", "labels": [{"name": "parentSuite", "value": "scripts"}, {"name": "suite", "value": "test04_admin_review"}, {"name": "subSuite", "value": "TestAdminReview"}, {"name": "host", "value": "MateBook14"}, {"name": "thread", "value": "34844-MainThread"}, {"name": "framework", "value": "pytest"}, {"name": "language", "value": "cpython3"}, {"name": "package", "value": "scripts.test04_admin_review"}]}